<?xml version="1.0" encoding="UTF-8"?>
<!-- Generated by org.testng.reporters.JUnitXMLReporter -->
<testsuite ignored="0" hostname="HARMAN" failures="0" tests="4" name="Default test" time="133.379" errors="0" timestamp="2022-07-14T18:19:23 EDT">
  <testcase classname="tests.LoginTest" name="LoginWithEmptyEmailTest" time="7.556"/>
  <testcase classname="tests.LoginTest" name="LoginWithEmptyPassTest" time="4.218"/>
  <testcase classname="tests.LoginTest" name="LoginWithSpecialCharEmailTest" time="4.473"/>
  <testcase classname="tests.LoginTest" name="LoginWithWrongEmailPasswordTest" time="3.91"/>
</testsuite> <!-- Default test -->
