<?xml version="1.0" encoding="UTF-8"?>
<!-- Generated by org.testng.reporters.JUnitXMLReporter -->
<testsuite ignored="0" hostname="HARMAN" failures="0" tests="4" name="Test" time="138.511" errors="0" timestamp="14 Jul 2022 22:40:03 GMT">
  <testcase classname="tests.LoginTest" name="LoginWithEmptyEmailTest" time="7.31"/>
  <testcase classname="tests.LoginTest" name="LoginWithEmptyPassTest" time="3.684"/>
  <testcase classname="tests.LoginTest" name="LoginWithSpecialCharEmailTest" time="4.977"/>
  <testcase classname="tests.LoginTest" name="LoginWithWrongEmailPasswordTest" time="4.272"/>
</testsuite> <!-- Test -->
