<?xml version="1.0" encoding="UTF-8"?>
<testng-results ignored="0" total="4" passed="4" failed="0" skipped="0">
  <reporter-output>
  </reporter-output>
  <suite started-at="2022-07-14T22:37:44Z" name="Suite" finished-at="2022-07-14T22:40:03Z" duration-ms="138511">
    <groups>
    </groups>
    <test started-at="2022-07-14T22:37:44Z" name="Test" finished-at="2022-07-14T22:40:03Z" duration-ms="138511">
      <class name="tests.LoginTest">
        <test-method is-config="true" signature="beforeMethod()[pri:0, instance:tests.LoginTest@51dcb805]" started-at="2022-07-14T22:37:44Z" name="beforeMethod" finished-at="2022-07-14T22:38:51Z" duration-ms="66155" status="PASS">
          <reporter-output>
          </reporter-output>
        </test-method> <!-- beforeMethod -->
        <test-method signature="LoginWithEmptyEmailTest()[pri:0, instance:tests.LoginTest@51dcb805]" started-at="2022-07-14T22:38:51Z" name="LoginWithEmptyEmailTest" finished-at="2022-07-14T22:38:58Z" duration-ms="7310" status="PASS">
          <reporter-output>
          </reporter-output>
        </test-method> <!-- LoginWithEmptyEmailTest -->
        <test-method is-config="true" signature="afterMethod()[pri:0, instance:tests.LoginTest@51dcb805]" started-at="2022-07-14T22:38:58Z" name="afterMethod" finished-at="2022-07-14T22:39:03Z" duration-ms="5514" status="PASS">
          <reporter-output>
          </reporter-output>
        </test-method> <!-- afterMethod -->
        <test-method is-config="true" signature="beforeMethod()[pri:0, instance:tests.LoginTest@51dcb805]" started-at="2022-07-14T22:39:03Z" name="beforeMethod" finished-at="2022-07-14T22:39:15Z" duration-ms="11546" status="PASS">
          <reporter-output>
          </reporter-output>
        </test-method> <!-- beforeMethod -->
        <test-method signature="LoginWithEmptyPassTest()[pri:0, instance:tests.LoginTest@51dcb805]" started-at="2022-07-14T22:39:15Z" name="LoginWithEmptyPassTest" finished-at="2022-07-14T22:39:19Z" duration-ms="3684" status="PASS">
          <reporter-output>
          </reporter-output>
        </test-method> <!-- LoginWithEmptyPassTest -->
        <test-method is-config="true" signature="afterMethod()[pri:0, instance:tests.LoginTest@51dcb805]" started-at="2022-07-14T22:39:19Z" name="afterMethod" finished-at="2022-07-14T22:39:22Z" duration-ms="2931" status="PASS">
          <reporter-output>
          </reporter-output>
        </test-method> <!-- afterMethod -->
        <test-method is-config="true" signature="beforeMethod()[pri:0, instance:tests.LoginTest@51dcb805]" started-at="2022-07-14T22:39:22Z" name="beforeMethod" finished-at="2022-07-14T22:39:34Z" duration-ms="12835" status="PASS">
          <reporter-output>
          </reporter-output>
        </test-method> <!-- beforeMethod -->
        <test-method signature="LoginWithSpecialCharEmailTest()[pri:0, instance:tests.LoginTest@51dcb805]" started-at="2022-07-14T22:39:34Z" name="LoginWithSpecialCharEmailTest" finished-at="2022-07-14T22:39:39Z" duration-ms="4977" status="PASS">
          <reporter-output>
          </reporter-output>
        </test-method> <!-- LoginWithSpecialCharEmailTest -->
        <test-method is-config="true" signature="afterMethod()[pri:0, instance:tests.LoginTest@51dcb805]" started-at="2022-07-14T22:39:39Z" name="afterMethod" finished-at="2022-07-14T22:39:43Z" duration-ms="3607" status="PASS">
          <reporter-output>
          </reporter-output>
        </test-method> <!-- afterMethod -->
        <test-method is-config="true" signature="beforeMethod()[pri:0, instance:tests.LoginTest@51dcb805]" started-at="2022-07-14T22:39:43Z" name="beforeMethod" finished-at="2022-07-14T22:39:56Z" duration-ms="12529" status="PASS">
          <reporter-output>
          </reporter-output>
        </test-method> <!-- beforeMethod -->
        <test-method signature="LoginWithWrongEmailPasswordTest()[pri:0, instance:tests.LoginTest@51dcb805]" started-at="2022-07-14T22:39:56Z" name="LoginWithWrongEmailPasswordTest" finished-at="2022-07-14T22:40:00Z" duration-ms="4272" status="PASS">
          <reporter-output>
          </reporter-output>
        </test-method> <!-- LoginWithWrongEmailPasswordTest -->
        <test-method is-config="true" signature="afterMethod()[pri:0, instance:tests.LoginTest@51dcb805]" started-at="2022-07-14T22:40:00Z" name="afterMethod" finished-at="2022-07-14T22:40:03Z" duration-ms="3101" status="PASS">
          <reporter-output>
          </reporter-output>
        </test-method> <!-- afterMethod -->
      </class> <!-- tests.LoginTest -->
    </test> <!-- Test -->
  </suite> <!-- Suite -->
</testng-results>
